<?xml version="1.0" encoding="UTF-8"?>
<testsuite name="LibraryTest" tests="2" skipped="0" failures="0" errors="0" timestamp="2018-11-06T14:42:14" hostname="Justynas-Air" time="0.01">
  <properties/>
  <testcase name="testSomeLibraryMethod" classname="LibraryTest" time="0.002"/>
  <testcase name="addsIntegers" classname="LibraryTest" time="0.007"/>
  <system-out><![CDATA[HEHHEHHE
]]></system-out>
  <system-err><![CDATA[]]></system-err>
</testsuite>
